<?xml version="1.0" encoding="UTF-8"?>
<!-- Generated by org.testng.reporters.JUnitReportReporter -->
<testsuite skipped="0" hostname="DESKTOP-1LE2GH2" name="com.aceturtle.qa.tests.Assignment" tests="1" failures="0" timestamp="14 Apr 2019 16:46:47 GMT" time="61.409" errors="0">
  <testcase name="test" time="61.409" classname="com.aceturtle.qa.tests.Assignment"/>
</testsuite> <!-- com.aceturtle.qa.tests.Assignment -->
